EtaThetaTau/build/outputs/logs/manifest-merger-debug-report.txt
-- Merging decision tree log ---
manifest
ADDED from Eta Theta Tau - Parse 1.8.2/EtaThetaTau/AndroidManifest.xml:2:1-121:12
	xmlns:android
		ADDED from Eta Theta Tau - Parse 1.8.2/EtaThetaTau/AndroidManifest.xml:2:11-69
	package
		ADDED from Eta Theta Tau - Parse 1.8.2/EtaThetaTau/AndroidManifest.xml:3:5-34
	android:versionName
		ADDED from Eta Theta Tau - Parse 1.8.2/EtaThetaTau/AndroidManifest.xml:5:5-32
		INJECTED from Eta Theta Tau - Parse 1.8.2/EtaThetaTau/AndroidManifest.xml
		INJECTED from Eta Theta Tau - Parse 1.8.2/EtaThetaTau/AndroidManifest.xml
	android:versionCode
		ADDED from Eta Theta Tau - Parse 1.8.2/EtaThetaTau/AndroidManifest.xml:4:5-28
		INJECTED from Eta Theta Tau - Parse 1.8.2/EtaThetaTau/AndroidManifest.xml
		INJECTED from Eta Theta Tau - Parse 1.8.2/EtaThetaTau/AndroidManifest.xml
uses-sdk
ADDED from Eta Theta Tau - Parse 1.8.2/EtaThetaTau/AndroidManifest.xml:7:5-9:41
MERGED from [com.android.support:support-v13:23.1.1] AndroidManifest.xml:20:5-44
MERGED from [com.android.support:support-v4:23.1.1] AndroidManifest.xml:20:5-43
MERGED from [com.android.support:customtabs:23.1.1] AndroidManifest.xml:20:5-44
MERGED from [com.android.support:support-v4:23.1.1] AndroidManifest.xml:20:5-43
MERGED from [com.android.support:appcompat-v7:23.1.1] AndroidManifest.xml:20:5-43
MERGED from [com.android.support:support-v4:23.1.1] AndroidManifest.xml:20:5-43
MERGED from [com.android.support:cardview-v7:23.1.1] AndroidManifest.xml:20:5-43
MERGED from [com.android.support:support-v4:23.1.1] AndroidManifest.xml:20:5-43
MERGED from [com.android.support:recyclerview-v7:23.1.1] AndroidManifest.xml:20:5-43
MERGED from [com.android.support:support-v4:23.1.1] AndroidManifest.xml:20:5-43
MERGED from [com.android.support:design:23.1.1] AndroidManifest.xml:20:5-43
MERGED from [com.android.support:appcompat-v7:23.1.1] AndroidManifest.xml:20:5-43
MERGED from [com.android.support:support-v4:23.1.1] AndroidManifest.xml:20:5-43
MERGED from [com.android.support:recyclerview-v7:23.1.1] AndroidManifest.xml:20:5-43
MERGED from [com.android.support:support-v4:23.1.1] AndroidManifest.xml:20:5-43
MERGED from [com.android.support:support-v4:23.1.1] AndroidManifest.xml:20:5-43
MERGED from [com.android.support:percent:23.1.1] AndroidManifest.xml:20:5-43
MERGED from [com.android.support:support-v4:23.1.1] AndroidManifest.xml:20:5-43
	android:targetSdkVersion
		ADDED from Eta Theta Tau - Parse 1.8.2/EtaThetaTau/AndroidManifest.xml:9:9-38
		INJECTED from Eta Theta Tau - Parse 1.8.2/EtaThetaTau/AndroidManifest.xml
		INJECTED from Eta Theta Tau - Parse 1.8.2/EtaThetaTau/AndroidManifest.xml
	android:minSdkVersion
		ADDED from Eta Theta Tau - Parse 1.8.2/EtaThetaTau/AndroidManifest.xml:8:9-35
		INJECTED from Eta Theta Tau - Parse 1.8.2/EtaThetaTau/AndroidManifest.xml
		INJECTED from Eta Theta Tau - Parse 1.8.2/EtaThetaTau/AndroidManifest.xml
uses-permission#android.permission.INTERNET
ADDED from Eta Theta Tau - Parse 1.8.2/EtaThetaTau/AndroidManifest.xml:11:5-67
	android:name
		ADDED from Eta Theta Tau - Parse 1.8.2/EtaThetaTau/AndroidManifest.xml:11:22-64
uses-permission#android.permission.ACCESS_NETWORK_STATE
ADDED from Eta Theta Tau - Parse 1.8.2/EtaThetaTau/AndroidManifest.xml:12:5-79
	android:name
		ADDED from Eta Theta Tau - Parse 1.8.2/EtaThetaTau/AndroidManifest.xml:12:22-76
uses-permission#android.permission.WAKE_LOCK
ADDED from Eta Theta Tau - Parse 1.8.2/EtaThetaTau/AndroidManifest.xml:13:5-68
	android:name
		ADDED from Eta Theta Tau - Parse 1.8.2/EtaThetaTau/AndroidManifest.xml:13:22-65
uses-permission#android.permission.VIBRATE
ADDED from Eta Theta Tau - Parse 1.8.2/EtaThetaTau/AndroidManifest.xml:14:5-66
	android:name
		ADDED from Eta Theta Tau - Parse 1.8.2/EtaThetaTau/AndroidManifest.xml:14:22-63
uses-permission#android.permission.GET_ACCOUNTS
ADDED from Eta Theta Tau - Parse 1.8.2/EtaThetaTau/AndroidManifest.xml:15:5-71
	android:name
		ADDED from Eta Theta Tau - Parse 1.8.2/EtaThetaTau/AndroidManifest.xml:15:22-68
uses-permission#com.google.android.c2dm.permission.RECEIVE
ADDED from Eta Theta Tau - Parse 1.8.2/EtaThetaTau/AndroidManifest.xml:16:5-82
	android:name
		ADDED from Eta Theta Tau - Parse 1.8.2/EtaThetaTau/AndroidManifest.xml:16:22-79
permission#com.rja.etaThetaTau.permission.C2D_MESSAGE
ADDED from Eta Theta Tau - Parse 1.8.2/EtaThetaTau/AndroidManifest.xml:22:5-23:69
	android:protectionLevel
		ADDED from Eta Theta Tau - Parse 1.8.2/EtaThetaTau/AndroidManifest.xml:22:17-52
	android:name
		ADDED from Eta Theta Tau - Parse 1.8.2/EtaThetaTau/AndroidManifest.xml:23:9-66
uses-permission#com.rja.etaThetaTau.permission.C2D_MESSAGE
ADDED from Eta Theta Tau - Parse 1.8.2/EtaThetaTau/AndroidManifest.xml:24:5-82
	android:name
		ADDED from Eta Theta Tau - Parse 1.8.2/EtaThetaTau/AndroidManifest.xml:24:22-79
application
ADDED from Eta Theta Tau - Parse 1.8.2/EtaThetaTau/AndroidManifest.xml:26:5-119:19
MERGED from [com.android.support:support-v13:23.1.1] AndroidManifest.xml:22:5-20
MERGED from [com.android.support:support-v4:23.1.1] AndroidManifest.xml:22:5-20
MERGED from [com.android.support:customtabs:23.1.1] AndroidManifest.xml:22:5-20
MERGED from [com.android.support:support-v4:23.1.1] AndroidManifest.xml:22:5-20
MERGED from [com.android.support:appcompat-v7:23.1.1] AndroidManifest.xml:22:5-20
MERGED from [com.android.support:support-v4:23.1.1] AndroidManifest.xml:22:5-20
MERGED from [com.android.support:cardview-v7:23.1.1] AndroidManifest.xml:22:5-20
MERGED from [com.android.support:support-v4:23.1.1] AndroidManifest.xml:22:5-20
MERGED from [com.android.support:support-v4:23.1.1] AndroidManifest.xml:22:5-20
MERGED from [com.android.support:design:23.1.1] AndroidManifest.xml:22:5-20
MERGED from [com.android.support:appcompat-v7:23.1.1] AndroidManifest.xml:22:5-20
MERGED from [com.android.support:support-v4:23.1.1] AndroidManifest.xml:22:5-20
MERGED from [com.android.support:support-v4:23.1.1] AndroidManifest.xml:22:5-20
MERGED from [com.android.support:support-v4:23.1.1] AndroidManifest.xml:22:5-20
MERGED from [com.android.support:percent:23.1.1] AndroidManifest.xml:22:5-20
MERGED from [com.android.support:support-v4:23.1.1] AndroidManifest.xml:22:5-20
	android:label
		ADDED from Eta Theta Tau - Parse 1.8.2/EtaThetaTau/AndroidManifest.xml:30:9-41
	android:allowBackup
		ADDED from Eta Theta Tau - Parse 1.8.2/EtaThetaTau/AndroidManifest.xml:28:9-35
	android:icon
		ADDED from Eta Theta Tau - Parse 1.8.2/EtaThetaTau/AndroidManifest.xml:29:9-45
	android:theme
		ADDED from Eta Theta Tau - Parse 1.8.2/EtaThetaTau/AndroidManifest.xml:31:9-42
	android:name
		ADDED from Eta Theta Tau - Parse 1.8.2/EtaThetaTau/AndroidManifest.xml:27:9-41
meta-data#com.parse.APPLICATION_ID
ADDED from Eta Theta Tau - Parse 1.8.2/EtaThetaTau/AndroidManifest.xml:33:9-35:72
	android:name
		ADDED from Eta Theta Tau - Parse 1.8.2/EtaThetaTau/AndroidManifest.xml:34:13-52
	android:value
		ADDED from Eta Theta Tau - Parse 1.8.2/EtaThetaTau/AndroidManifest.xml:35:13-69
meta-data#com.parse.CLIENT_KEY
ADDED from Eta Theta Tau - Parse 1.8.2/EtaThetaTau/AndroidManifest.xml:36:9-38:72
	android:name
		ADDED from Eta Theta Tau - Parse 1.8.2/EtaThetaTau/AndroidManifest.xml:37:13-48
	android:value
		ADDED from Eta Theta Tau - Parse 1.8.2/EtaThetaTau/AndroidManifest.xml:38:13-69
activity#com.rja.etaThetaTau.TabsActivity
ADDED from Eta Theta Tau - Parse 1.8.2/EtaThetaTau/AndroidManifest.xml:40:9-47:20
	android:screenOrientation
		ADDED from Eta Theta Tau - Parse 1.8.2/EtaThetaTau/AndroidManifest.xml:44:13-49
	android:label
		ADDED from Eta Theta Tau - Parse 1.8.2/EtaThetaTau/AndroidManifest.xml:42:13-56
	android:hardwareAccelerated
		ADDED from Eta Theta Tau - Parse 1.8.2/EtaThetaTau/AndroidManifest.xml:45:13-47
	android:parentActivityName
		ADDED from Eta Theta Tau - Parse 1.8.2/EtaThetaTau/AndroidManifest.xml:43:13-56
	android:name
		ADDED from Eta Theta Tau - Parse 1.8.2/EtaThetaTau/AndroidManifest.xml:41:13-41
activity#com.rja.etaThetaTau.SongsDetailActivity
ADDED from Eta Theta Tau - Parse 1.8.2/EtaThetaTau/AndroidManifest.xml:48:9-57:20
	android:screenOrientation
		ADDED from Eta Theta Tau - Parse 1.8.2/EtaThetaTau/AndroidManifest.xml:52:13-49
	android:label
		ADDED from Eta Theta Tau - Parse 1.8.2/EtaThetaTau/AndroidManifest.xml:50:13-64
	android:hardwareAccelerated
		ADDED from Eta Theta Tau - Parse 1.8.2/EtaThetaTau/AndroidManifest.xml:53:13-47
	android:parentActivityName
		ADDED from Eta Theta Tau - Parse 1.8.2/EtaThetaTau/AndroidManifest.xml:51:13-55
	android:name
		ADDED from Eta Theta Tau - Parse 1.8.2/EtaThetaTau/AndroidManifest.xml:49:13-48
meta-data#android.support.PARENT_ACTIVITY
ADDED from Eta Theta Tau - Parse 1.8.2/EtaThetaTau/AndroidManifest.xml:54:13-56:68
	android:name
		ADDED from Eta Theta Tau - Parse 1.8.2/EtaThetaTau/AndroidManifest.xml:55:17-63
	android:value
		ADDED from Eta Theta Tau - Parse 1.8.2/EtaThetaTau/AndroidManifest.xml:56:17-65
activity#com.rja.etaThetaTau.LyricsDetailActivity
ADDED from Eta Theta Tau - Parse 1.8.2/EtaThetaTau/AndroidManifest.xml:58:9-67:20
	android:screenOrientation
		ADDED from Eta Theta Tau - Parse 1.8.2/EtaThetaTau/AndroidManifest.xml:62:13-49
	android:label
		ADDED from Eta Theta Tau - Parse 1.8.2/EtaThetaTau/AndroidManifest.xml:60:13-65
	android:hardwareAccelerated
		ADDED from Eta Theta Tau - Parse 1.8.2/EtaThetaTau/AndroidManifest.xml:63:13-47
	android:parentActivityName
		ADDED from Eta Theta Tau - Parse 1.8.2/EtaThetaTau/AndroidManifest.xml:61:13-55
	android:name
		ADDED from Eta Theta Tau - Parse 1.8.2/EtaThetaTau/AndroidManifest.xml:59:13-49
activity#com.rja.etaThetaTau.LoginActivity
ADDED from Eta Theta Tau - Parse 1.8.2/EtaThetaTau/AndroidManifest.xml:68:9-77:20
	android:screenOrientation
		ADDED from Eta Theta Tau - Parse 1.8.2/EtaThetaTau/AndroidManifest.xml:71:13-49
	android:label
		ADDED from Eta Theta Tau - Parse 1.8.2/EtaThetaTau/AndroidManifest.xml:70:13-42
	android:name
		ADDED from Eta Theta Tau - Parse 1.8.2/EtaThetaTau/AndroidManifest.xml:69:13-42
activity#com.rja.etaThetaTau.activities.HotMainActivity
ADDED from Eta Theta Tau - Parse 1.8.2/EtaThetaTau/AndroidManifest.xml:81:9-88:20
	android:screenOrientation
		ADDED from Eta Theta Tau - Parse 1.8.2/EtaThetaTau/AndroidManifest.xml:83:13-49
	android:name
		ADDED from Eta Theta Tau - Parse 1.8.2/EtaThetaTau/AndroidManifest.xml:82:13-55
intent-filter#android.intent.action.MAIN+android.intent.category.LAUNCHER
ADDED from Eta Theta Tau - Parse 1.8.2/EtaThetaTau/AndroidManifest.xml:84:13-87:29
action#android.intent.action.MAIN
ADDED from Eta Theta Tau - Parse 1.8.2/EtaThetaTau/AndroidManifest.xml:85:17-69
	android:name
		ADDED from Eta Theta Tau - Parse 1.8.2/EtaThetaTau/AndroidManifest.xml:85:25-66
category#android.intent.category.LAUNCHER
ADDED from Eta Theta Tau - Parse 1.8.2/EtaThetaTau/AndroidManifest.xml:86:17-77
	android:name
		ADDED from Eta Theta Tau - Parse 1.8.2/EtaThetaTau/AndroidManifest.xml:86:27-74
service#com.parse.PushService
ADDED from Eta Theta Tau - Parse 1.8.2/EtaThetaTau/AndroidManifest.xml:90:9-57
	android:name
		ADDED from Eta Theta Tau - Parse 1.8.2/EtaThetaTau/AndroidManifest.xml:90:18-54
receiver#com.parse.ParseBroadcastReceiver
ADDED from Eta Theta Tau - Parse 1.8.2/EtaThetaTau/AndroidManifest.xml:93:9-98:20
	android:name
		ADDED from Eta Theta Tau - Parse 1.8.2/EtaThetaTau/AndroidManifest.xml:93:19-66
intent-filter#android.intent.action.BOOT_COMPLETED+android.intent.action.USER_PRESENT
ADDED from Eta Theta Tau - Parse 1.8.2/EtaThetaTau/AndroidManifest.xml:94:13-97:29
action#android.intent.action.BOOT_COMPLETED
ADDED from Eta Theta Tau - Parse 1.8.2/EtaThetaTau/AndroidManifest.xml:95:17-79
	android:name
		ADDED from Eta Theta Tau - Parse 1.8.2/EtaThetaTau/AndroidManifest.xml:95:25-76
action#android.intent.action.USER_PRESENT
ADDED from Eta Theta Tau - Parse 1.8.2/EtaThetaTau/AndroidManifest.xml:96:17-77
	android:name
		ADDED from Eta Theta Tau - Parse 1.8.2/EtaThetaTau/AndroidManifest.xml:96:25-74
receiver#com.parse.GcmBroadcastReceiver
ADDED from Eta Theta Tau - Parse 1.8.2/EtaThetaTau/AndroidManifest.xml:99:9-110:20
	android:permission
		ADDED from Eta Theta Tau - Parse 1.8.2/EtaThetaTau/AndroidManifest.xml:100:13-73
	android:name
		ADDED from Eta Theta Tau - Parse 1.8.2/EtaThetaTau/AndroidManifest.xml:99:19-64
intent-filter#com.google.android.c2dm.intent.RECEIVE+com.google.android.c2dm.intent.REGISTRATION+com.rja.etaThetaTau
ADDED from Eta Theta Tau - Parse 1.8.2/EtaThetaTau/AndroidManifest.xml:101:13-109:29
action#com.google.android.c2dm.intent.RECEIVE
ADDED from Eta Theta Tau - Parse 1.8.2/EtaThetaTau/AndroidManifest.xml:102:17-81
	android:name
		ADDED from Eta Theta Tau - Parse 1.8.2/EtaThetaTau/AndroidManifest.xml:102:25-78
action#com.google.android.c2dm.intent.REGISTRATION
ADDED from Eta Theta Tau - Parse 1.8.2/EtaThetaTau/AndroidManifest.xml:103:17-86
	android:name
		ADDED from Eta Theta Tau - Parse 1.8.2/EtaThetaTau/AndroidManifest.xml:103:25-83
category#com.rja.etaThetaTau
ADDED from Eta Theta Tau - Parse 1.8.2/EtaThetaTau/AndroidManifest.xml:108:17-64
	android:name
		ADDED from Eta Theta Tau - Parse 1.8.2/EtaThetaTau/AndroidManifest.xml:108:27-61
receiver#com.parse.ParsePushBroadcastReceiver
ADDED from Eta Theta Tau - Parse 1.8.2/EtaThetaTau/AndroidManifest.xml:111:9-117:20
	android:exported
		ADDED from Eta Theta Tau - Parse 1.8.2/EtaThetaTau/AndroidManifest.xml:111:71-95
	android:name
		ADDED from Eta Theta Tau - Parse 1.8.2/EtaThetaTau/AndroidManifest.xml:111:19-70
intent-filter#com.parse.push.intent.DELETE+com.parse.push.intent.OPEN+com.parse.push.intent.RECEIVE
ADDED from Eta Theta Tau - Parse 1.8.2/EtaThetaTau/AndroidManifest.xml:112:13-116:29
action#com.parse.push.intent.RECEIVE
ADDED from Eta Theta Tau - Parse 1.8.2/EtaThetaTau/AndroidManifest.xml:113:17-72
	android:name
		ADDED from Eta Theta Tau - Parse 1.8.2/EtaThetaTau/AndroidManifest.xml:113:25-69
action#com.parse.push.intent.DELETE
ADDED from Eta Theta Tau - Parse 1.8.2/EtaThetaTau/AndroidManifest.xml:114:17-71
	android:name
		ADDED from Eta Theta Tau - Parse 1.8.2/EtaThetaTau/AndroidManifest.xml:114:25-68
action#com.parse.push.intent.OPEN
ADDED from Eta Theta Tau - Parse 1.8.2/EtaThetaTau/AndroidManifest.xml:115:17-69
	android:name
		ADDED from Eta Theta Tau - Parse 1.8.2/EtaThetaTau/AndroidManifest.xml:115:25-66